41965:C 02 Jun 09:29:26.133 # oO0OoO0OoO0Oo Redis is starting oO0OoO0OoO0Oo
41965:C 02 Jun 09:29:26.133 # Redis version=4.0.7, bits=64, commit=00000000, modified=0, pid=41965, just started
41965:C 02 Jun 09:29:26.133 # Warning: no config file specified, using the default config. In order to specify a config file use redis-server /path/to/redis.conf
41965:M 02 Jun 09:29:26.135 * Increased maximum number of open files to 10032 (it was originally set to 256).
41965:M 02 Jun 09:29:26.136 * Running mode=standalone, port=6379.
41965:M 02 Jun 09:29:26.136 # Server initialized
41965:M 02 Jun 09:29:26.161 * DB loaded from disk: 0.025 seconds
41965:M 02 Jun 09:29:26.161 * Ready to accept connections
41965:signal-handler (1527902967) Received SIGINT scheduling shutdown...
41965:M 02 Jun 09:29:27.934 # User requested shutdown...
41965:M 02 Jun 09:29:27.934 * Saving the final RDB snapshot before exiting.
41965:M 02 Jun 09:29:27.977 * DB saved on disk
41965:M 02 Jun 09:29:27.977 # Redis is now ready to exit, bye bye...
41979:C 02 Jun 09:29:29.346 # oO0OoO0OoO0Oo Redis is starting oO0OoO0OoO0Oo
41979:C 02 Jun 09:29:29.347 # Redis version=4.0.7, bits=64, commit=00000000, modified=0, pid=41979, just started
41979:C 02 Jun 09:29:29.347 # Warning: no config file specified, using the default config. In order to specify a config file use redis-server /path/to/redis.conf
41979:M 02 Jun 09:29:29.348 * Increased maximum number of open files to 10032 (it was originally set to 256).
41979:M 02 Jun 09:29:29.349 * Running mode=standalone, port=6379.
41979:M 02 Jun 09:29:29.349 # Server initialized
41979:M 02 Jun 09:29:29.379 * DB loaded from disk: 0.030 seconds
41979:M 02 Jun 09:29:29.379 * Ready to accept connections
41979:M 02 Jun 09:34:33.405 * 100 changes in 300 seconds. Saving...
41979:M 02 Jun 09:34:33.405 * Background saving started by pid 42101
42101:C 02 Jun 09:34:33.481 * DB saved on disk
41979:M 02 Jun 09:34:33.505 * Background saving terminated with success
41979:M 02 Jun 09:39:34.079 * 100 changes in 300 seconds. Saving...
41979:M 02 Jun 09:39:34.081 * Background saving started by pid 42120
42120:C 02 Jun 09:39:34.146 * DB saved on disk
41979:M 02 Jun 09:39:34.183 * Background saving terminated with success
41979:M 02 Jun 09:45:34.445 * 100 changes in 300 seconds. Saving...
41979:M 02 Jun 09:45:34.608 * Background saving started by pid 42136
42136:C 02 Jun 09:45:34.692 * DB saved on disk
41979:M 02 Jun 09:45:34.709 * Background saving terminated with success
41979:M 02 Jun 09:50:35.005 * 100 changes in 300 seconds. Saving...
41979:M 02 Jun 09:50:35.008 * Background saving started by pid 42161
42161:C 02 Jun 09:50:35.064 * DB saved on disk
41979:M 02 Jun 09:50:35.109 * Background saving terminated with success
41979:M 02 Jun 09:55:36.027 * 100 changes in 300 seconds. Saving...
41979:M 02 Jun 09:55:36.030 * Background saving started by pid 42295
42295:C 02 Jun 09:55:36.087 * DB saved on disk
41979:M 02 Jun 09:55:36.132 * Background saving terminated with success
41979:M 02 Jun 10:00:37.058 * 100 changes in 300 seconds. Saving...
41979:M 02 Jun 10:00:37.060 * Background saving started by pid 42349
42349:C 02 Jun 10:00:37.162 * DB saved on disk
41979:M 02 Jun 10:00:37.165 * Background saving terminated with success
41979:M 02 Jun 10:05:38.052 * 100 changes in 300 seconds. Saving...
41979:M 02 Jun 10:05:38.053 * Background saving started by pid 42423
42423:C 02 Jun 10:05:38.131 * DB saved on disk
41979:M 02 Jun 10:05:38.154 * Background saving terminated with success
41979:M 02 Jun 10:10:39.089 * 100 changes in 300 seconds. Saving...
41979:M 02 Jun 10:10:39.092 * Background saving started by pid 42452
42452:C 02 Jun 10:10:39.154 * DB saved on disk
41979:M 02 Jun 10:10:39.193 * Background saving terminated with success
41979:M 02 Jun 10:15:40.015 * 100 changes in 300 seconds. Saving...
41979:M 02 Jun 10:15:40.017 * Background saving started by pid 42474
42474:C 02 Jun 10:15:40.080 * DB saved on disk
41979:M 02 Jun 10:15:40.123 * Background saving terminated with success
41979:M 02 Jun 10:20:41.033 * 100 changes in 300 seconds. Saving...
41979:M 02 Jun 10:20:41.034 * Background saving started by pid 42501
42501:C 02 Jun 10:20:41.178 * DB saved on disk
41979:M 02 Jun 10:20:41.238 * Background saving terminated with success
41979:M 02 Jun 10:25:42.065 * 100 changes in 300 seconds. Saving...
41979:M 02 Jun 10:25:42.068 * Background saving started by pid 42518
42518:C 02 Jun 10:25:42.132 * DB saved on disk
41979:M 02 Jun 10:25:42.172 * Background saving terminated with success
41979:M 02 Jun 10:30:43.009 * 100 changes in 300 seconds. Saving...
41979:M 02 Jun 10:30:43.012 * Background saving started by pid 42573
42573:C 02 Jun 10:30:43.079 * DB saved on disk
41979:M 02 Jun 10:30:43.115 * Background saving terminated with success
41979:M 02 Jun 10:35:44.070 * 100 changes in 300 seconds. Saving...
41979:M 02 Jun 10:35:44.073 * Background saving started by pid 42598
42598:C 02 Jun 10:35:44.127 * DB saved on disk
41979:M 02 Jun 10:35:44.174 * Background saving terminated with success
41979:M 02 Jun 10:40:45.102 * 100 changes in 300 seconds. Saving...
41979:M 02 Jun 10:40:45.105 * Background saving started by pid 42640
42640:C 02 Jun 10:40:45.178 * DB saved on disk
41979:M 02 Jun 10:40:45.207 * Background saving terminated with success
41979:M 02 Jun 10:50:15.452 * 100 changes in 300 seconds. Saving...
41979:M 02 Jun 10:50:15.510 * Background saving started by pid 42654
42654:C 02 Jun 10:50:15.588 * DB saved on disk
41979:M 02 Jun 10:50:15.615 * Background saving terminated with success
41979:M 02 Jun 10:55:16.061 * 100 changes in 300 seconds. Saving...
41979:M 02 Jun 10:55:16.063 * Background saving started by pid 42716
42716:C 02 Jun 10:55:16.135 * DB saved on disk
41979:M 02 Jun 10:55:16.168 * Background saving terminated with success
41979:M 02 Jun 11:00:17.037 * 100 changes in 300 seconds. Saving...
41979:M 02 Jun 11:00:17.039 * Background saving started by pid 42773
42773:C 02 Jun 11:00:17.124 * DB saved on disk
41979:M 02 Jun 11:00:17.142 * Background saving terminated with success
41979:M 02 Jun 11:05:18.091 * 100 changes in 300 seconds. Saving...
41979:M 02 Jun 11:05:18.093 * Background saving started by pid 42791
42791:C 02 Jun 11:05:18.146 * DB saved on disk
41979:M 02 Jun 11:05:18.195 * Background saving terminated with success
41979:M 02 Jun 11:10:26.694 * 100 changes in 300 seconds. Saving...
41979:M 02 Jun 11:10:26.695 * Background saving started by pid 42797
42797:C 02 Jun 11:10:26.751 * DB saved on disk
41979:M 02 Jun 11:10:26.799 * Background saving terminated with success
